<?xml version="1.0" encoding="UTF-8"?>
<!-- Generated by org.testng.reporters.JUnitXMLReporter -->
<testsuite ignored="0" hostname="AdminisatorsAir-275.lan" failures="0" tests="4" name="CKEditor Tests" time="331.905" errors="0" timestamp="2026-03-14T04:24:07 IST">
  <testcase classname="Test.WYSIWYG_Test" name="runCodeMirror" time="24.422"/>
  <testcase classname="Test.WYSIWYG_Test" name="runSummerNote" time="39.791"/>
  <testcase classname="Test.WYSIWYG_Test" name="runTinyMCES" time="16.731"/>
  <testcase classname="Test.WYSIWYG_Test" name="runCKEditor" time="37.908"/>
</testsuite> <!-- CKEditor Tests -->
