<?xml version="1.0" encoding="UTF-8"?>
<!-- Generated by org.testng.reporters.JUnitXMLReporter -->
<testsuite ignored="3" hostname="AdminisatorsAir-274.lan" failures="1" tests="1" name="runSummerNote" time="0.032" errors="0" timestamp="2026-03-14T01:47:18 IST">
  <testcase classname="Test.WYSIWYG_Test" name="runSummerNote" time="0.009">
    <failure type="java.lang.NullPointerException" message="Cannot invoke &amp;quot;org.openqa.selenium.WebDriver.findElement(org.openqa.selenium.By)&amp;quot; because &amp;quot;this.driver&amp;quot; is null">
      <![CDATA[java.lang.NullPointerException: Cannot invoke "org.openqa.selenium.WebDriver.findElement(org.openqa.selenium.By)" because "this.driver" is null
at WYSIWYG.SummerNote.CheckSummerNote(SummerNote.java:28)
at Test.WYSIWYG_Test.runSummerNote(WYSIWYG_Test.java:32)
at java.base/java.util.ArrayList.forEach(ArrayList.java:1604)
... Removed 25 stack frames]]>
    </failure>
  </testcase> <!-- runSummerNote -->
  <testcase classname="Test.WYSIWYG_Test" name="CodeMirror" time="0.0">
    <ignored/>
  </testcase> <!-- CodeMirror -->
  <testcase classname="Test.WYSIWYG_Test" name="TinyMCES" time="0.0">
    <ignored/>
  </testcase> <!-- TinyMCES -->
  <testcase classname="Test.WYSIWYG_Test" name="CKEditor" time="0.0">
    <ignored/>
  </testcase> <!-- CKEditor -->
</testsuite> <!-- runSummerNote -->
