<?xml version="1.0" encoding="UTF-8"?>
<!-- Generated by org.testng.reporters.JUnitXMLReporter -->
<testsuite ignored="1" hostname="AdminisatorsAir-275.lan" failures="0" tests="3" name="Tests" time="185.141" errors="0" timestamp="2026-03-14T04:37:54 IST">
  <testcase classname="Test.WYSIWYG_Test" name="runCodeMirror" time="21.022"/>
  <testcase classname="Test.WYSIWYG_Test" name="runSummerNote" time="43.728"/>
  <testcase classname="Test.WYSIWYG_Test" name="runTinyMCES" time="23.945"/>
  <testcase classname="Test.WYSIWYG_Test" name="runCKEditor" time="0.0">
    <ignored/>
  </testcase> <!-- runCKEditor -->
</testsuite> <!-- Tests -->
