<?xml version="1.0" encoding="UTF-8"?>
<!-- Generated by org.testng.reporters.JUnitXMLReporter -->
<testsuite ignored="1" hostname="AdminisatorsAir-293.lan" failures="0" tests="3" name="WYSIWYG Tests" time="240.229" errors="0" timestamp="2026-03-14T08:18:31 IST">
  <testcase classname="Test.WYSIWYG_Test" name="runTinyMCES" time="43.287"/>
  <testcase classname="Test.WYSIWYG_Test" name="runSummerNote" time="47.502"/>
  <testcase classname="Test.WYSIWYG_Test" name="runCodeMirror" time="36.8"/>
  <testcase classname="Test.WYSIWYG_Test" name="runCKEditor" time="0.0">
    <ignored/>
  </testcase> <!-- runCKEditor -->
</testsuite> <!-- WYSIWYG Tests -->
