<?xml version="1.0" encoding="UTF-8"?>
<testng-results ignored="0" total="1" passed="1" failed="0" skipped="0">
  <reporter-output>
  </reporter-output>
  <suite started-at="2026-03-14T14:23:30 IST" name="Default suite" finished-at="2026-03-14T14:24:20 IST" duration-ms="50061">
    <groups>
    </groups>
    <test started-at="2026-03-14T14:23:30 IST" name="Default test" finished-at="2026-03-14T14:24:20 IST" duration-ms="50061">
      <class name="Test.More_Test">
        <test-method is-config="true" signature="setup()[pri:0, instance:Test.More_Test@6aeb35e6]" started-at="2026-03-14T14:23:30 IST" name="setup" finished-at="2026-03-14T14:24:02 IST" duration-ms="32281" status="PASS">
          <reporter-output>
          </reporter-output>
        </test-method> <!-- setup -->
        <test-method signature="testGetAllDynamicUsers()[pri:0, instance:Test.More_Test@6aeb35e6]" started-at="2026-03-14T14:24:02 IST" name="testGetAllDynamicUsers" finished-at="2026-03-14T14:24:20 IST" duration-ms="17758" status="PASS">
          <reporter-output>
          </reporter-output>
        </test-method> <!-- testGetAllDynamicUsers -->
      </class> <!-- Test.More_Test -->
    </test> <!-- Default test -->
  </suite> <!-- Default suite -->
</testng-results>
