<?xml version="1.0" encoding="UTF-8"?>
<!-- Generated by org.testng.reporters.JUnitXMLReporter -->
<testsuite ignored="5" hostname="AdminisatorsAir-286.lan" failures="3" tests="3" name="WYSIWYG Tests" time="0.008" errors="0" timestamp="2026-03-14T08:04:18 IST">
  <testcase classname="Test.WYSIWYG_Test" name="runTinyMCES" time="0.001">
    <failure type="java.lang.NullPointerException" message="Cannot invoke &amp;quot;org.openqa.selenium.WebDriver.findElement(org.openqa.selenium.By)&amp;quot; because &amp;quot;this.driver&amp;quot; is null">
      <![CDATA[java.lang.NullPointerException: Cannot invoke "org.openqa.selenium.WebDriver.findElement(org.openqa.selenium.By)" because "this.driver" is null
at WYSIWYG.TinyMCE.CheckTinyMCE(TinyMCE.java:24)
at Test.WYSIWYG_Test.runTinyMCES(WYSIWYG_Test.java:19)
at java.base/java.util.ArrayList.forEach(ArrayList.java:1604)
... Removed 25 stack frames]]>
    </failure>
  </testcase> <!-- runTinyMCES -->
  <testcase classname="Test.WYSIWYG_Test" name="runSummerNote" time="0.001">
    <failure type="java.lang.NullPointerException" message="Cannot invoke &amp;quot;org.openqa.selenium.WebDriver.findElement(org.openqa.selenium.By)&amp;quot; because &amp;quot;this.driver&amp;quot; is null">
      <![CDATA[java.lang.NullPointerException: Cannot invoke "org.openqa.selenium.WebDriver.findElement(org.openqa.selenium.By)" because "this.driver" is null
at WYSIWYG.SummerNote.CheckSummerNote(SummerNote.java:28)
at Test.WYSIWYG_Test.runSummerNote(WYSIWYG_Test.java:34)
at java.base/java.util.ArrayList.forEach(ArrayList.java:1604)
... Removed 25 stack frames]]>
    </failure>
  </testcase> <!-- runSummerNote -->
  <testcase classname="Test.WYSIWYG_Test" name="runCodeMirror" time="0.001">
    <failure type="java.lang.NullPointerException" message="Cannot invoke &amp;quot;org.openqa.selenium.WebDriver.findElement(org.openqa.selenium.By)&amp;quot; because &amp;quot;this.driver&amp;quot; is null">
      <![CDATA[java.lang.NullPointerException: Cannot invoke "org.openqa.selenium.WebDriver.findElement(org.openqa.selenium.By)" because "this.driver" is null
at WYSIWYG.CodeMirror.CheckCodeMirror(CodeMirror.java:22)
at Test.WYSIWYG_Test.runCodeMirror(WYSIWYG_Test.java:42)
at java.base/java.util.ArrayList.forEach(ArrayList.java:1604)
... Removed 25 stack frames]]>
    </failure>
  </testcase> <!-- runCodeMirror -->
  <testcase classname="Test.WYSIWYG_Test" name="runCKEditor" time="0.0">
    <ignored/>
  </testcase> <!-- runCKEditor -->
  <testcase classname="Test.Interactions_Test" name="runDragAndDrop" time="0.0">
    <ignored/>
  </testcase> <!-- runDragAndDrop -->
  <testcase classname="Test.Interactions_Test" name="runResizable" time="0.0">
    <ignored/>
  </testcase> <!-- runResizable -->
  <testcase classname="Test.Interactions_Test" name="runSelectable" time="0.0">
    <ignored/>
  </testcase> <!-- runSelectable -->
  <testcase classname="Test.Register_Test" name="EnterRegister" time="0.0">
    <ignored/>
  </testcase> <!-- EnterRegister -->
</testsuite> <!-- WYSIWYG Tests -->
