<?xml version="1.0" encoding="UTF-8"?>
<!-- Generated by org.testng.reporters.JUnitReportReporter -->
<testsuite hostname="AdminisatorsAir-300.lan" failures="0" tests="3" name="Test.Interactions_Test" time="311.576" errors="0" timestamp="2026-03-14T09:55:53 IST" skipped="0">
  <testcase classname="Test.Interactions_Test" name="runDragAndDrop" time="131.072"/>
  <testcase classname="Test.Interactions_Test" name="runSelectable" time="124.843"/>
  <testcase classname="Test.Interactions_Test" name="runResizable" time="55.661"/>
</testsuite> <!-- Test.Interactions_Test -->
