<?xml version="1.0" encoding="UTF-8"?>
<!-- Generated by org.testng.reporters.JUnitReportReporter -->
<testsuite hostname="AdminisatorsAir-293.lan" failures="0" tests="4" name="Test.WYSIWYG_Test" time="240.217" errors="0" timestamp="2026-03-14T08:18:31 IST" skipped="1">
  <testcase classname="Test.WYSIWYG_Test" name="runTinyMCES" time="83.254"/>
  <testcase classname="Test.WYSIWYG_Test" name="runSummerNote" time="95.609"/>
  <testcase classname="Test.WYSIWYG_Test" name="runCodeMirror" time="61.354"/>
  <testcase classname="Test.WYSIWYG_Test" name="runCKEditor">
    <skipped/>
  </testcase> <!-- runCKEditor -->
</testsuite> <!-- Test.WYSIWYG_Test -->
